TN:
SF:backend\src\models\message.model.js
FNF:0
FNH:0
DA:1,1
DA:2,1
DA:3,1
DA:4,1
DA:5,1
DA:6,1
DA:7,1
DA:8,1
DA:9,1
DA:10,1
DA:11,1
DA:12,1
DA:13,1
DA:14,1
DA:15,1
DA:16,1
DA:17,1
DA:18,1
DA:19,1
DA:20,1
DA:21,1
DA:22,1
DA:23,1
DA:24,1
DA:25,1
DA:26,1
DA:27,1
DA:28,1
DA:29,1
DA:30,1
DA:31,1
DA:32,1
LF:32
LH:32
BRF:0
BRH:0
end_of_record
TN:
SF:backend\src\models\room.model.js
FNF:0
FNH:0
DA:1,1
DA:2,1
DA:3,1
DA:4,1
DA:5,1
DA:6,1
DA:7,1
DA:8,1
DA:9,1
DA:10,1
DA:11,1
DA:12,1
DA:13,1
DA:14,1
DA:15,1
DA:16,1
DA:17,1
DA:18,1
DA:19,1
DA:20,1
DA:21,1
DA:22,1
DA:23,1
DA:24,1
DA:25,1
DA:26,1
DA:27,1
LF:27
LH:27
BRF:0
BRH:0
end_of_record
TN:
SF:backend\src\models\user.model.js
FNF:0
FNH:0
DA:1,1
DA:2,1
DA:3,1
DA:4,1
DA:5,1
DA:6,1
DA:7,1
DA:8,1
DA:9,1
DA:10,1
DA:11,1
DA:12,1
DA:13,1
DA:14,1
DA:15,1
DA:16,1
DA:17,1
DA:18,1
DA:19,1
DA:20,1
DA:21,1
DA:22,1
DA:23,1
LF:23
LH:23
BRF:0
BRH:0
end_of_record
TN:
SF:backend\src\repositories\index.js
FNF:0
FNH:0
DA:1,1
DA:2,1
DA:3,1
DA:4,1
DA:5,1
DA:6,1
DA:7,1
DA:8,1
DA:9,1
LF:9
LH:9
BRF:0
BRH:0
end_of_record
TN:
SF:backend\src\repositories\message.repository.js
FN:3,createMessage
FN:9,findMessagesByRoomId
FNF:2
FNH:0
FNDA:0,createMessage
FNDA:0,findMessagesByRoomId
DA:1,1
DA:2,1
DA:3,1
DA:4,0
DA:5,0
DA:6,0
DA:7,0
DA:8,1
DA:9,1
DA:10,0
DA:11,0
DA:12,1
DA:13,1
DA:14,1
DA:15,1
DA:16,1
LF:16
LH:10
BRF:0
BRH:0
end_of_record
TN:
SF:backend\src\repositories\room.repository.js
FN:3,createRoom
FN:7,findRoomByName
FN:11,findPrivateRoomByParticipants
FN:21,findRooms
FNF:4
FNH:0
FNDA:0,createRoom
FNDA:0,findRoomByName
FNDA:0,findPrivateRoomByParticipants
FNDA:0,findRooms
DA:1,1
DA:2,1
DA:3,1
DA:4,0
DA:5,0
DA:6,1
DA:7,1
DA:8,0
DA:9,0
DA:10,1
DA:11,1
DA:12,0
DA:13,0
DA:14,0
DA:15,0
DA:16,0
DA:17,0
DA:18,0
DA:19,0
DA:20,1
DA:21,1
DA:22,0
DA:23,0
DA:24,1
DA:25,1
DA:26,1
DA:27,1
DA:28,1
DA:29,1
DA:30,1
LF:30
LH:16
BRF:0
BRH:0
end_of_record
TN:
SF:backend\src\repositories\user.repository.js
FN:3,createUser
FN:7,findUserByUsername
FN:11,findUserById
FN:15,findUsers
FNF:4
FNH:4
FNDA:1,createUser
FNDA:1,findUserByUsername
FNDA:1,findUserById
FNDA:1,findUsers
DA:1,1
DA:2,1
DA:3,1
DA:4,1
DA:5,1
DA:6,1
DA:7,1
DA:8,1
DA:9,1
DA:10,1
DA:11,1
DA:12,1
DA:13,1
DA:14,1
DA:15,1
DA:16,1
DA:17,1
DA:18,1
DA:19,1
DA:20,1
DA:21,1
DA:22,1
DA:23,1
DA:24,1
LF:24
LH:24
BRDA:3,0,0,1
BRDA:7,1,0,1
BRDA:11,2,0,1
BRDA:15,3,0,1
BRF:4
BRH:4
end_of_record
TN:
SF:backend\src\services\user.service.js
FN:4,getUsers
FNF:1
FNH:1
FNDA:2,getUsers
DA:1,1
DA:2,1
DA:3,1
DA:4,1
DA:5,2
DA:6,2
DA:7,1
DA:8,1
DA:9,1
DA:10,1
DA:11,1
DA:12,2
DA:13,1
DA:14,1
DA:15,1
DA:16,1
LF:16
LH:16
BRDA:4,0,0,2
BRDA:6,1,0,1
BRF:2
BRH:2
end_of_record
TN:
SF:backend\src\utils\httpErrors.js
FN:2,BaseError
FN:10,NotFoundError
FN:16,BadRequestError
FN:23,UnauthorizedError
FN:29,ConflictError
FN:35,ServerError
FNF:6
FNH:2
FNDA:4,BaseError
FNDA:0,NotFoundError
FNDA:4,BadRequestError
FNDA:0,UnauthorizedError
FNDA:0,ConflictError
FNDA:0,ServerError
DA:1,1
DA:2,1
DA:3,4
DA:4,4
DA:5,4
DA:6,4
DA:7,1
DA:8,1
DA:9,1
DA:10,1
DA:11,0
DA:12,0
DA:13,1
DA:14,1
DA:15,1
DA:16,1
DA:17,4
DA:18,4
DA:19,4
DA:20,1
DA:21,1
DA:22,1
DA:23,1
DA:24,0
DA:25,0
DA:26,1
DA:27,1
DA:28,1
DA:29,1
DA:30,0
DA:31,0
DA:32,1
DA:33,1
DA:34,1
DA:35,1
DA:36,0
DA:37,0
DA:38,1
DA:39,1
DA:40,1
DA:41,1
DA:42,1
DA:43,1
DA:44,1
DA:45,1
DA:46,1
DA:47,1
DA:48,1
LF:48
LH:40
BRDA:2,0,0,4
BRDA:16,1,0,4
BRF:2
BRH:2
end_of_record
